{"contracts/BasicToken.sol":{"l":{"10":5,"17":6},"path":"/home/saqib/Saqib/Factory/truffle-blueprint-master/contracts/BasicToken.sol","s":{"1":5,"2":6},"b":{},"f":{"1":5,"2":6},"fnMap":{"1":{"name":"constructor","line":9,"loc":{"start":{"line":9,"column":4},"end":{"line":11,"column":4}}},"2":{"name":"informDeployed","line":15,"loc":{"start":{"line":15,"column":4},"end":{"line":18,"column":4}}}},"statementMap":{"1":{"start":{"line":10,"column":8},"end":{"line":10,"column":81}},"2":{"start":{"line":17,"column":8},"end":{"line":17,"column":66}}},"branchMap":{}},"contracts/ERC20Factory.sol":{"l":{"24":2,"25":2,"27":2,"28":1,"30":1,"32":2,"38":1,"43":1},"path":"/home/saqib/Saqib/Factory/truffle-blueprint-master/contracts/ERC20Factory.sol","s":{"1":2,"2":2,"3":2,"4":1,"5":1,"6":2,"7":1,"8":1},"b":{"1":[1,1]},"f":{"1":3,"2":2,"3":1,"4":1},"fnMap":{"1":{"name":"constructor","line":12,"loc":{"start":{"line":12,"column":4},"end":{"line":13,"column":4}}},"2":{"name":"CreateToken","line":20,"loc":{"start":{"line":20,"column":4},"end":{"line":34,"column":4}}},"3":{"name":"getAvailableTokenTypes","line":36,"loc":{"start":{"line":36,"column":4},"end":{"line":40,"column":4}}},"4":{"name":"getDeployedTokens","line":42,"loc":{"start":{"line":42,"column":4},"end":{"line":44,"column":4}}}},"statementMap":{"1":{"start":{"line":24,"column":8},"end":{"line":24,"column":86}},"2":{"start":{"line":25,"column":8},"end":{"line":25,"column":36}},"3":{"start":{"line":27,"column":8},"end":{"line":27,"column":897}},"4":{"start":{"line":28,"column":12},"end":{"line":28,"column":78}},"5":{"start":{"line":30,"column":12},"end":{"line":30,"column":44}},"6":{"start":{"line":32,"column":8},"end":{"line":32,"column":23}},"7":{"start":{"line":38,"column":9},"end":{"line":38,"column":45}},"8":{"start":{"line":43,"column":8},"end":{"line":43,"column":71}}},"branchMap":{"1":{"line":27,"type":"if","locations":[{"start":{"line":27,"column":8},"end":{"line":27,"column":8}},{"start":{"line":27,"column":8},"end":{"line":27,"column":8}}]}}},"contracts/interfaces/ITokenDeployer.sol":{"l":{},"path":"/home/saqib/Saqib/Factory/truffle-blueprint-master/contracts/interfaces/ITokenDeployer.sol","s":{},"b":{},"f":{},"fnMap":{},"statementMap":{},"branchMap":{}},"contracts/libraries/BitMath.sol":{"l":{"14":8,"16":8,"17":0,"18":0,"20":8,"21":0,"22":0,"24":8,"25":1,"26":1,"28":8,"29":1,"30":1,"32":8,"33":1,"34":1,"36":8,"37":1,"38":1,"40":8,"41":1,"42":1,"44":8},"path":"/home/saqib/Saqib/Factory/truffle-blueprint-master/contracts/libraries/BitMath.sol","s":{"1":8,"2":8,"3":0,"4":0,"5":8,"6":0,"7":0,"8":8,"9":1,"10":1,"11":8,"12":1,"13":1,"14":8,"15":1,"16":1,"17":8,"18":1,"19":1,"20":8,"21":1,"22":1,"23":8,"24":2},"b":{"1":[8,0],"2":[0,8],"3":[0,8],"4":[1,7],"5":[1,7],"6":[1,7],"7":[1,7],"8":[1,7],"9":[2,6]},"f":{"1":8},"fnMap":{"1":{"name":"mostSignificantBit","line":13,"loc":{"start":{"line":13,"column":4},"end":{"line":45,"column":4}}}},"statementMap":{"1":{"start":{"line":14,"column":8},"end":{"line":14,"column":21}},"2":{"start":{"line":16,"column":8},"end":{"line":16,"column":786}},"3":{"start":{"line":17,"column":12},"end":{"line":17,"column":20}},"4":{"start":{"line":18,"column":12},"end":{"line":18,"column":19}},"5":{"start":{"line":20,"column":8},"end":{"line":20,"column":897}},"6":{"start":{"line":21,"column":12},"end":{"line":21,"column":19}},"7":{"start":{"line":22,"column":12},"end":{"line":22,"column":18}},"8":{"start":{"line":24,"column":8},"end":{"line":24,"column":990}},"9":{"start":{"line":25,"column":12},"end":{"line":25,"column":19}},"10":{"start":{"line":26,"column":12},"end":{"line":26,"column":18}},"11":{"start":{"line":28,"column":8},"end":{"line":28,"column":1075}},"12":{"start":{"line":29,"column":12},"end":{"line":29,"column":19}},"13":{"start":{"line":30,"column":12},"end":{"line":30,"column":18}},"14":{"start":{"line":32,"column":8},"end":{"line":32,"column":1156}},"15":{"start":{"line":33,"column":12},"end":{"line":33,"column":18}},"16":{"start":{"line":34,"column":12},"end":{"line":34,"column":17}},"17":{"start":{"line":36,"column":8},"end":{"line":36,"column":1233}},"18":{"start":{"line":37,"column":12},"end":{"line":37,"column":18}},"19":{"start":{"line":38,"column":12},"end":{"line":38,"column":17}},"20":{"start":{"line":40,"column":8},"end":{"line":40,"column":1309}},"21":{"start":{"line":41,"column":12},"end":{"line":41,"column":18}},"22":{"start":{"line":42,"column":12},"end":{"line":42,"column":17}},"23":{"start":{"line":44,"column":8},"end":{"line":44,"column":28}},"24":{"start":{"line":44,"column":22},"end":{"line":44,"column":27}}},"branchMap":{"1":{"line":14,"type":"if","locations":[{"start":{"line":14,"column":8},"end":{"line":14,"column":8}},{"start":{"line":14,"column":8},"end":{"line":14,"column":8}}]},"2":{"line":16,"type":"if","locations":[{"start":{"line":16,"column":8},"end":{"line":16,"column":8}},{"start":{"line":16,"column":8},"end":{"line":16,"column":8}}]},"3":{"line":20,"type":"if","locations":[{"start":{"line":20,"column":8},"end":{"line":20,"column":8}},{"start":{"line":20,"column":8},"end":{"line":20,"column":8}}]},"4":{"line":24,"type":"if","locations":[{"start":{"line":24,"column":8},"end":{"line":24,"column":8}},{"start":{"line":24,"column":8},"end":{"line":24,"column":8}}]},"5":{"line":28,"type":"if","locations":[{"start":{"line":28,"column":8},"end":{"line":28,"column":8}},{"start":{"line":28,"column":8},"end":{"line":28,"column":8}}]},"6":{"line":32,"type":"if","locations":[{"start":{"line":32,"column":8},"end":{"line":32,"column":8}},{"start":{"line":32,"column":8},"end":{"line":32,"column":8}}]},"7":{"line":36,"type":"if","locations":[{"start":{"line":36,"column":8},"end":{"line":36,"column":8}},{"start":{"line":36,"column":8},"end":{"line":36,"column":8}}]},"8":{"line":40,"type":"if","locations":[{"start":{"line":40,"column":8},"end":{"line":40,"column":8}},{"start":{"line":40,"column":8},"end":{"line":40,"column":8}}]},"9":{"line":44,"type":"if","locations":[{"start":{"line":44,"column":8},"end":{"line":44,"column":8}},{"start":{"line":44,"column":8},"end":{"line":44,"column":8}}]}}},"contracts/NonFungibleToken.sol":{"l":{"10":4,"11":4,"18":6,"22":1},"path":"/home/saqib/Saqib/Factory/truffle-blueprint-master/contracts/NonFungibleToken.sol","s":{"1":4,"2":4,"3":6,"4":1},"b":{},"f":{"1":4,"2":6,"3":1},"fnMap":{"1":{"name":"constructor","line":9,"loc":{"start":{"line":9,"column":4},"end":{"line":12,"column":4}}},"2":{"name":"informDeployed","line":16,"loc":{"start":{"line":16,"column":4},"end":{"line":19,"column":4}}},"3":{"name":"mint","line":21,"loc":{"start":{"line":21,"column":4},"end":{"line":23,"column":4}}}},"statementMap":{"1":{"start":{"line":10,"column":8},"end":{"line":10,"column":81}},"2":{"start":{"line":11,"column":8},"end":{"line":11,"column":52}},"3":{"start":{"line":18,"column":8},"end":{"line":18,"column":51}},"4":{"start":{"line":22,"column":8},"end":{"line":22,"column":44}}},"branchMap":{}},"contracts/test/BitMathTest.sol":{"l":{"9":7,"10":7,"11":7,"15":1,"16":1,"17":1},"path":"/home/saqib/Saqib/Factory/truffle-blueprint-master/contracts/test/BitMathTest.sol","s":{"1":7,"2":7,"3":7,"4":1,"5":1,"6":1},"b":{},"f":{"1":7,"2":1},"fnMap":{"1":{"name":"mostSignificantBit","line":8,"loc":{"start":{"line":8,"column":5},"end":{"line":12,"column":5}}},"2":{"name":"getGasCostOfMostSignificantBit","line":14,"loc":{"start":{"line":14,"column":5},"end":{"line":18,"column":4}}}},"statementMap":{"1":{"start":{"line":9,"column":8},"end":{"line":9,"column":22}},"2":{"start":{"line":10,"column":8},"end":{"line":10,"column":45}},"3":{"start":{"line":11,"column":8},"end":{"line":11,"column":21}},"4":{"start":{"line":15,"column":8},"end":{"line":15,"column":37}},"5":{"start":{"line":16,"column":8},"end":{"line":16,"column":36}},"6":{"start":{"line":17,"column":8},"end":{"line":17,"column":36}}},"branchMap":{}},"contracts/test/MockBasicToken.sol":{"l":{},"path":"/home/saqib/Saqib/Factory/truffle-blueprint-master/contracts/test/MockBasicToken.sol","s":{},"b":{},"f":{"1":0},"fnMap":{"1":{"name":"constructor","line":8,"loc":{"start":{"line":8,"column":4},"end":{"line":10,"column":4}}}},"statementMap":{},"branchMap":{}},"contracts/test/MockNFT.sol":{"l":{},"path":"/home/saqib/Saqib/Factory/truffle-blueprint-master/contracts/test/MockNFT.sol","s":{},"b":{},"f":{"1":0},"fnMap":{"1":{"name":"constructor","line":8,"loc":{"start":{"line":8,"column":4},"end":{"line":10,"column":4}}}},"statementMap":{},"branchMap":{}},"contracts/test/MockTokenDeployer.sol":{"l":{},"path":"/home/saqib/Saqib/Factory/truffle-blueprint-master/contracts/test/MockTokenDeployer.sol","s":{},"b":{},"f":{},"fnMap":{},"statementMap":{},"branchMap":{}},"contracts/TokenDeployer.sol":{"l":{"18":5,"20":5,"21":2,"25":1,"28":5},"path":"/home/saqib/Saqib/Factory/truffle-blueprint-master/contracts/TokenDeployer.sol","s":{"1":5,"2":5,"3":2,"4":3,"5":1,"6":5},"b":{"1":[2,3],"2":[1,2]},"f":{"1":5},"fnMap":{"1":{"name":"deploy","line":10,"loc":{"start":{"line":10,"column":4},"end":{"line":30,"column":4}}}},"statementMap":{"1":{"start":{"line":18,"column":8},"end":{"line":18,"column":62}},"2":{"start":{"line":20,"column":8},"end":{"line":20,"column":513}},"3":{"start":{"line":21,"column":12},"end":{"line":21,"column":62}},"4":{"start":{"line":24,"column":13},"end":{"line":24,"column":698}},"5":{"start":{"line":25,"column":12},"end":{"line":25,"column":68}},"6":{"start":{"line":28,"column":8},"end":{"line":28,"column":16}}},"branchMap":{"1":{"line":20,"type":"if","locations":[{"start":{"line":20,"column":8},"end":{"line":20,"column":8}},{"start":{"line":20,"column":8},"end":{"line":20,"column":8}}]},"2":{"line":24,"type":"if","locations":[{"start":{"line":24,"column":13},"end":{"line":24,"column":13}},{"start":{"line":24,"column":13},"end":{"line":24,"column":13}}]}}}}