{
"contracts/BasicToken.sol":{"l":{"10":0,"17":0},"path":"/home/saqib/Saqib/Factory/truffle-blueprint-master/contracts/BasicToken.sol","s":{"1":0,"2":0},"b":{},"f":{"1":0,"2":0},"fnMap":{"1":{"name":"constructor","line":9,"loc":{"start":{"line":9,"column":4},"end":{"line":11,"column":4}}},"2":{"name":"informDeployed","line":15,"loc":{"start":{"line":15,"column":4},"end":{"line":18,"column":4}}}},"statementMap":{"1":{"start":{"line":10,"column":8},"end":{"line":10,"column":81}},"2":{"start":{"line":17,"column":8},"end":{"line":17,"column":66}}},"branchMap":{}},
"contracts/ERC20Factory.sol":{"l":{"24":0,"25":0,"27":0,"28":0,"30":0,"32":0,"38":0,"43":0},"path":"/home/saqib/Saqib/Factory/truffle-blueprint-master/contracts/ERC20Factory.sol","s":{"1":0,"2":0,"3":0,"4":0,"5":0,"6":0,"7":0,"8":0},"b":{"1":[0,0]},"f":{"1":0,"2":0,"3":0,"4":0},"fnMap":{"1":{"name":"constructor","line":12,"loc":{"start":{"line":12,"column":4},"end":{"line":13,"column":4}}},"2":{"name":"CreateToken","line":20,"loc":{"start":{"line":20,"column":4},"end":{"line":34,"column":4}}},"3":{"name":"getAvailableTokenTypes","line":36,"loc":{"start":{"line":36,"column":4},"end":{"line":40,"column":4}}},"4":{"name":"getDeployedTokens","line":42,"loc":{"start":{"line":42,"column":4},"end":{"line":44,"column":4}}}},"statementMap":{"1":{"start":{"line":24,"column":8},"end":{"line":24,"column":86}},"2":{"start":{"line":25,"column":8},"end":{"line":25,"column":36}},"3":{"start":{"line":27,"column":8},"end":{"line":27,"column":897}},"4":{"start":{"line":28,"column":12},"end":{"line":28,"column":78}},"5":{"start":{"line":30,"column":12},"end":{"line":30,"column":44}},"6":{"start":{"line":32,"column":8},"end":{"line":32,"column":23}},"7":{"start":{"line":38,"column":9},"end":{"line":38,"column":45}},"8":{"start":{"line":43,"column":8},"end":{"line":43,"column":71}}},"branchMap":{"1":{"line":27,"type":"if","locations":[{"start":{"line":27,"column":8},"end":{"line":27,"column":8}},{"start":{"line":27,"column":8},"end":{"line":27,"column":8}}]}}},
"contracts/interfaces/ITokenDeployer.sol":{"l":{},"path":"/home/saqib/Saqib/Factory/truffle-blueprint-master/contracts/interfaces/ITokenDeployer.sol","s":{},"b":{},"f":{},"fnMap":{},"statementMap":{},"branchMap":{}},
"contracts/NonFungibleToken.sol":{"l":{"10":0,"11":0,"18":0,"22":0},"path":"/home/saqib/Saqib/Factory/truffle-blueprint-master/contracts/NonFungibleToken.sol","s":{"1":0,"2":0,"3":0,"4":0},"b":{},"f":{"1":0,"2":0,"3":0},"fnMap":{"1":{"name":"constructor","line":9,"loc":{"start":{"line":9,"column":4},"end":{"line":12,"column":4}}},"2":{"name":"informDeployed","line":16,"loc":{"start":{"line":16,"column":4},"end":{"line":19,"column":4}}},"3":{"name":"mint","line":21,"loc":{"start":{"line":21,"column":4},"end":{"line":23,"column":4}}}},"statementMap":{"1":{"start":{"line":10,"column":8},"end":{"line":10,"column":81}},"2":{"start":{"line":11,"column":8},"end":{"line":11,"column":52}},"3":{"start":{"line":18,"column":8},"end":{"line":18,"column":51}},"4":{"start":{"line":22,"column":8},"end":{"line":22,"column":44}}},"branchMap":{}},
"contracts/test/MockBasicToken.sol":{"l":{},"path":"/home/saqib/Saqib/Factory/truffle-blueprint-master/contracts/test/MockBasicToken.sol","s":{},"b":{},"f":{"1":0},"fnMap":{"1":{"name":"constructor","line":8,"loc":{"start":{"line":8,"column":4},"end":{"line":10,"column":4}}}},"statementMap":{},"branchMap":{}},
"contracts/test/MockNFT.sol":{"l":{},"path":"/home/saqib/Saqib/Factory/truffle-blueprint-master/contracts/test/MockNFT.sol","s":{},"b":{},"f":{"1":0},"fnMap":{"1":{"name":"constructor","line":8,"loc":{"start":{"line":8,"column":4},"end":{"line":10,"column":4}}}},"statementMap":{},"branchMap":{}},
"contracts/test/MockTokenDeployer.sol":{"l":{"17":0,"19":0,"20":0,"24":0,"27":0},"path":"/home/saqib/Saqib/Factory/truffle-blueprint-master/contracts/test/MockTokenDeployer.sol","s":{"1":0,"2":0,"3":0,"4":0,"5":0,"6":0},"b":{"1":[0,0],"2":[0,0]},"f":{"1":0},"fnMap":{"1":{"name":"deploy","line":10,"loc":{"start":{"line":10,"column":4},"end":{"line":29,"column":4}}}},"statementMap":{"1":{"start":{"line":17,"column":8},"end":{"line":17,"column":62}},"2":{"start":{"line":19,"column":8},"end":{"line":19,"column":503}},"3":{"start":{"line":20,"column":12},"end":{"line":20,"column":66}},"4":{"start":{"line":23,"column":13},"end":{"line":23,"column":692}},"5":{"start":{"line":24,"column":12},"end":{"line":24,"column":59}},"6":{"start":{"line":27,"column":8},"end":{"line":27,"column":16}}},"branchMap":{"1":{"line":19,"type":"if","locations":[{"start":{"line":19,"column":8},"end":{"line":19,"column":8}},{"start":{"line":19,"column":8},"end":{"line":19,"column":8}}]},"2":{"line":23,"type":"if","locations":[{"start":{"line":23,"column":13},"end":{"line":23,"column":13}},{"start":{"line":23,"column":13},"end":{"line":23,"column":13}}]}}},
"contracts/TokenDeployer.sol":{"l":{"17":0,"19":0,"20":0,"24":0,"27":0},"path":"/home/saqib/Saqib/Factory/truffle-blueprint-master/contracts/TokenDeployer.sol","s":{"1":0,"2":0,"3":0,"4":0,"5":0,"6":0},"b":{"1":[0,0],"2":[0,0]},"f":{"1":0},"fnMap":{"1":{"name":"deploy","line":9,"loc":{"start":{"line":9,"column":4},"end":{"line":29,"column":4}}}},"statementMap":{"1":{"start":{"line":17,"column":8},"end":{"line":17,"column":62}},"2":{"start":{"line":19,"column":8},"end":{"line":19,"column":453}},"3":{"start":{"line":20,"column":12},"end":{"line":20,"column":62}},"4":{"start":{"line":23,"column":13},"end":{"line":23,"column":638}},"5":{"start":{"line":24,"column":12},"end":{"line":24,"column":68}},"6":{"start":{"line":27,"column":8},"end":{"line":27,"column":16}}},"branchMap":{"1":{"line":19,"type":"if","locations":[{"start":{"line":19,"column":8},"end":{"line":19,"column":8}},{"start":{"line":19,"column":8},"end":{"line":19,"column":8}}]},"2":{"line":23,"type":"if","locations":[{"start":{"line":23,"column":13},"end":{"line":23,"column":13}},{"start":{"line":23,"column":13},"end":{"line":23,"column":13}}]}}}}
