TN:
SF:/home/saqib/Saqib/Factory/truffle-blueprint-master/contracts/BasicToken.sol
FN:9,constructor
FN:15,informDeployed
FNF:2
FNH:0
FNDA:0,constructor
FNDA:0,informDeployed
DA:10,0
DA:17,0
LF:2
LH:0
BRF:0
BRH:0
end_of_record
TN:
SF:/home/saqib/Saqib/Factory/truffle-blueprint-master/contracts/ERC20Factory.sol
FN:12,constructor
FN:20,CreateToken
FN:36,getAvailableTokenTypes
FN:42,getDeployedTokens
FNF:4
FNH:0
FNDA:0,constructor
FNDA:0,CreateToken
FNDA:0,getAvailableTokenTypes
FNDA:0,getDeployedTokens
DA:24,0
DA:25,0
DA:27,0
DA:28,0
DA:30,0
DA:32,0
DA:38,0
DA:43,0
LF:8
LH:0
BRDA:27,1,0,0
BRDA:27,1,1,0
BRF:2
BRH:0
end_of_record
TN:
SF:/home/saqib/Saqib/Factory/truffle-blueprint-master/contracts/interfaces/ITokenDeployer.sol
FNF:0
FNH:0
LF:0
LH:0
BRF:0
BRH:0
end_of_record
TN:
SF:/home/saqib/Saqib/Factory/truffle-blueprint-master/contracts/NonFungibleToken.sol
FN:9,constructor
FN:16,informDeployed
FN:21,mint
FNF:3
FNH:0
FNDA:0,constructor
FNDA:0,informDeployed
FNDA:0,mint
DA:10,0
DA:11,0
DA:18,0
DA:22,0
LF:4
LH:0
BRF:0
BRH:0
end_of_record
TN:
SF:/home/saqib/Saqib/Factory/truffle-blueprint-master/contracts/test/MockBasicToken.sol
FN:8,constructor
FNF:1
FNH:0
FNDA:0,constructor
LF:0
LH:0
BRF:0
BRH:0
end_of_record
TN:
SF:/home/saqib/Saqib/Factory/truffle-blueprint-master/contracts/test/MockNFT.sol
FN:8,constructor
FNF:1
FNH:0
FNDA:0,constructor
LF:0
LH:0
BRF:0
BRH:0
end_of_record
TN:
SF:/home/saqib/Saqib/Factory/truffle-blueprint-master/contracts/test/MockTokenDeployer.sol
FN:10,deploy
FNF:1
FNH:0
FNDA:0,deploy
DA:17,0
DA:19,0
DA:20,0
DA:24,0
DA:27,0
LF:5
LH:0
BRDA:19,1,0,0
BRDA:19,1,1,0
BRDA:23,2,0,0
BRDA:23,2,1,0
BRF:4
BRH:0
end_of_record
TN:
SF:/home/saqib/Saqib/Factory/truffle-blueprint-master/contracts/TokenDeployer.sol
FN:9,deploy
FNF:1
FNH:0
FNDA:0,deploy
DA:17,0
DA:19,0
DA:20,0
DA:24,0
DA:27,0
LF:5
LH:0
BRDA:19,1,0,0
BRDA:19,1,1,0
BRDA:23,2,0,0
BRDA:23,2,1,0
BRF:4
BRH:0
end_of_record
