{
"contracts/BasicToken.sol":{"l":{"10":5,"17":6},"path":"/home/saqib/Saqib/Factory/truffle-blueprint-master/contracts/BasicToken.sol","s":{"1":5,"2":6},"b":{},"f":{"1":5,"2":6},"fnMap":{"1":{"name":"constructor","line":9,"loc":{"start":{"line":9,"column":4},"end":{"line":11,"column":4}}},"2":{"name":"informDeployed","line":15,"loc":{"start":{"line":15,"column":4},"end":{"line":18,"column":4}}}},"statementMap":{"1":{"start":{"line":10,"column":8},"end":{"line":10,"column":81}},"2":{"start":{"line":17,"column":8},"end":{"line":17,"column":66}}},"branchMap":{}},
"contracts/ERC20Factory.sol":{"l":{"24":2,"25":2,"27":2,"28":1,"30":1,"32":2,"38":1,"43":1},"path":"/home/saqib/Saqib/Factory/truffle-blueprint-master/contracts/ERC20Factory.sol","s":{"1":2,"2":2,"3":2,"4":1,"5":1,"6":2,"7":1,"8":1},"b":{"1":[1,1]},"f":{"1":3,"2":2,"3":1,"4":1},"fnMap":{"1":{"name":"constructor","line":12,"loc":{"start":{"line":12,"column":4},"end":{"line":13,"column":4}}},"2":{"name":"CreateToken","line":20,"loc":{"start":{"line":20,"column":4},"end":{"line":34,"column":4}}},"3":{"name":"getAvailableTokenTypes","line":36,"loc":{"start":{"line":36,"column":4},"end":{"line":40,"column":4}}},"4":{"name":"getDeployedTokens","line":42,"loc":{"start":{"line":42,"column":4},"end":{"line":44,"column":4}}}},"statementMap":{"1":{"start":{"line":24,"column":8},"end":{"line":24,"column":86}},"2":{"start":{"line":25,"column":8},"end":{"line":25,"column":36}},"3":{"start":{"line":27,"column":8},"end":{"line":27,"column":897}},"4":{"start":{"line":28,"column":12},"end":{"line":28,"column":78}},"5":{"start":{"line":30,"column":12},"end":{"line":30,"column":44}},"6":{"start":{"line":32,"column":8},"end":{"line":32,"column":23}},"7":{"start":{"line":38,"column":9},"end":{"line":38,"column":45}},"8":{"start":{"line":43,"column":8},"end":{"line":43,"column":71}}},"branchMap":{"1":{"line":27,"type":"if","locations":[{"start":{"line":27,"column":8},"end":{"line":27,"column":8}},{"start":{"line":27,"column":8},"end":{"line":27,"column":8}}]}}},
"contracts/interfaces/ITokenDeployer.sol":{"l":{},"path":"/home/saqib/Saqib/Factory/truffle-blueprint-master/contracts/interfaces/ITokenDeployer.sol","s":{},"b":{},"f":{},"fnMap":{},"statementMap":{},"branchMap":{}},
"contracts/NonFungibleToken.sol":{"l":{"10":3,"11":3,"18":4,"22":0},"path":"/home/saqib/Saqib/Factory/truffle-blueprint-master/contracts/NonFungibleToken.sol","s":{"1":3,"2":3,"3":4,"4":0},"b":{},"f":{"1":3,"2":4,"3":0},"fnMap":{"1":{"name":"constructor","line":9,"loc":{"start":{"line":9,"column":4},"end":{"line":12,"column":4}}},"2":{"name":"informDeployed","line":16,"loc":{"start":{"line":16,"column":4},"end":{"line":19,"column":4}}},"3":{"name":"mint","line":21,"loc":{"start":{"line":21,"column":4},"end":{"line":23,"column":4}}}},"statementMap":{"1":{"start":{"line":10,"column":8},"end":{"line":10,"column":81}},"2":{"start":{"line":11,"column":8},"end":{"line":11,"column":52}},"3":{"start":{"line":18,"column":8},"end":{"line":18,"column":51}},"4":{"start":{"line":22,"column":8},"end":{"line":22,"column":44}}},"branchMap":{}},
"contracts/test/MockBasicToken.sol":{"l":{},"path":"/home/saqib/Saqib/Factory/truffle-blueprint-master/contracts/test/MockBasicToken.sol","s":{},"b":{},"f":{"1":0},"fnMap":{"1":{"name":"constructor","line":8,"loc":{"start":{"line":8,"column":4},"end":{"line":10,"column":4}}}},"statementMap":{},"branchMap":{}},
"contracts/test/MockNFT.sol":{"l":{},"path":"/home/saqib/Saqib/Factory/truffle-blueprint-master/contracts/test/MockNFT.sol","s":{},"b":{},"f":{"1":0},"fnMap":{"1":{"name":"constructor","line":8,"loc":{"start":{"line":8,"column":4},"end":{"line":10,"column":4}}}},"statementMap":{},"branchMap":{}},
"contracts/test/MockTokenDeployer.sol":{"l":{},"path":"/home/saqib/Saqib/Factory/truffle-blueprint-master/contracts/test/MockTokenDeployer.sol","s":{},"b":{},"f":{},"fnMap":{},"statementMap":{},"branchMap":{}},
"contracts/TokenDeployer.sol":{"l":{"18":4,"20":4,"21":2,"25":0,"28":4},"path":"/home/saqib/Saqib/Factory/truffle-blueprint-master/contracts/TokenDeployer.sol","s":{"1":4,"2":4,"3":2,"4":2,"5":0,"6":4},"b":{"1":[2,2],"2":[0,2]},"f":{"1":4},"fnMap":{"1":{"name":"deploy","line":10,"loc":{"start":{"line":10,"column":4},"end":{"line":30,"column":4}}}},"statementMap":{"1":{"start":{"line":18,"column":8},"end":{"line":18,"column":62}},"2":{"start":{"line":20,"column":8},"end":{"line":20,"column":513}},"3":{"start":{"line":21,"column":12},"end":{"line":21,"column":62}},"4":{"start":{"line":24,"column":13},"end":{"line":24,"column":698}},"5":{"start":{"line":25,"column":12},"end":{"line":25,"column":68}},"6":{"start":{"line":28,"column":8},"end":{"line":28,"column":16}}},"branchMap":{"1":{"line":20,"type":"if","locations":[{"start":{"line":20,"column":8},"end":{"line":20,"column":8}},{"start":{"line":20,"column":8},"end":{"line":20,"column":8}}]},"2":{"line":24,"type":"if","locations":[{"start":{"line":24,"column":13},"end":{"line":24,"column":13}},{"start":{"line":24,"column":13},"end":{"line":24,"column":13}}]}}}}
