TN:
SF:/home/saqib/Saqib/Factory/truffle-blueprint-master/contracts/BasicToken.sol
FN:9,constructor
FN:15,informDeployed
FNF:2
FNH:2
FNDA:5,constructor
FNDA:6,informDeployed
DA:10,5
DA:17,6
LF:2
LH:2
BRF:0
BRH:0
end_of_record
TN:
SF:/home/saqib/Saqib/Factory/truffle-blueprint-master/contracts/ERC20Factory.sol
FN:12,constructor
FN:20,CreateToken
FN:36,getAvailableTokenTypes
FN:42,getDeployedTokens
FNF:4
FNH:4
FNDA:3,constructor
FNDA:2,CreateToken
FNDA:1,getAvailableTokenTypes
FNDA:1,getDeployedTokens
DA:24,2
DA:25,2
DA:27,2
DA:28,1
DA:30,1
DA:32,2
DA:38,1
DA:43,1
LF:8
LH:8
BRDA:27,1,0,1
BRDA:27,1,1,1
BRF:2
BRH:2
end_of_record
TN:
SF:/home/saqib/Saqib/Factory/truffle-blueprint-master/contracts/interfaces/ITokenDeployer.sol
FNF:0
FNH:0
LF:0
LH:0
BRF:0
BRH:0
end_of_record
TN:
SF:/home/saqib/Saqib/Factory/truffle-blueprint-master/contracts/NonFungibleToken.sol
FN:9,constructor
FN:16,informDeployed
FN:21,mint
FNF:3
FNH:2
FNDA:3,constructor
FNDA:4,informDeployed
FNDA:0,mint
DA:10,3
DA:11,3
DA:18,4
DA:22,0
LF:4
LH:3
BRF:0
BRH:0
end_of_record
TN:
SF:/home/saqib/Saqib/Factory/truffle-blueprint-master/contracts/test/MockBasicToken.sol
FN:8,constructor
FNF:1
FNH:0
FNDA:0,constructor
LF:0
LH:0
BRF:0
BRH:0
end_of_record
TN:
SF:/home/saqib/Saqib/Factory/truffle-blueprint-master/contracts/test/MockNFT.sol
FN:8,constructor
FNF:1
FNH:0
FNDA:0,constructor
LF:0
LH:0
BRF:0
BRH:0
end_of_record
TN:
SF:/home/saqib/Saqib/Factory/truffle-blueprint-master/contracts/test/MockTokenDeployer.sol
FNF:0
FNH:0
LF:0
LH:0
BRF:0
BRH:0
end_of_record
TN:
SF:/home/saqib/Saqib/Factory/truffle-blueprint-master/contracts/TokenDeployer.sol
FN:10,deploy
FNF:1
FNH:1
FNDA:4,deploy
DA:18,4
DA:20,4
DA:21,2
DA:25,0
DA:28,4
LF:5
LH:4
BRDA:20,1,0,2
BRDA:20,1,1,2
BRDA:24,2,0,0
BRDA:24,2,1,2
BRF:4
BRH:3
end_of_record
