TN:
SF:/home/saqib/Saqib/Factory/truffle-blueprint-master/contracts/BasicToken.sol
FN:9,constructor
FN:15,informDeployed
FNF:2
FNH:2
FNDA:5,constructor
FNDA:6,informDeployed
DA:10,5
DA:17,6
LF:2
LH:2
BRF:0
BRH:0
end_of_record
TN:
SF:/home/saqib/Saqib/Factory/truffle-blueprint-master/contracts/ERC20Factory.sol
FN:12,constructor
FN:20,CreateToken
FN:36,getAvailableTokenTypes
FN:42,getDeployedTokens
FNF:4
FNH:4
FNDA:3,constructor
FNDA:2,CreateToken
FNDA:1,getAvailableTokenTypes
FNDA:1,getDeployedTokens
DA:24,2
DA:25,2
DA:27,2
DA:28,1
DA:30,1
DA:32,2
DA:38,1
DA:43,1
LF:8
LH:8
BRDA:27,1,0,1
BRDA:27,1,1,1
BRF:2
BRH:2
end_of_record
TN:
SF:/home/saqib/Saqib/Factory/truffle-blueprint-master/contracts/interfaces/ITokenDeployer.sol
FNF:0
FNH:0
LF:0
LH:0
BRF:0
BRH:0
end_of_record
TN:
SF:/home/saqib/Saqib/Factory/truffle-blueprint-master/contracts/libraries/BitMath.sol
FN:13,mostSignificantBit
FNF:1
FNH:1
FNDA:8,mostSignificantBit
DA:14,8
DA:16,8
DA:17,0
DA:18,0
DA:20,8
DA:21,0
DA:22,0
DA:24,8
DA:25,1
DA:26,1
DA:28,8
DA:29,1
DA:30,1
DA:32,8
DA:33,1
DA:34,1
DA:36,8
DA:37,1
DA:38,1
DA:40,8
DA:41,1
DA:42,1
DA:44,8
LF:23
LH:19
BRDA:14,1,0,8
BRDA:14,1,1,0
BRDA:16,2,0,0
BRDA:16,2,1,8
BRDA:20,3,0,0
BRDA:20,3,1,8
BRDA:24,4,0,1
BRDA:24,4,1,7
BRDA:28,5,0,1
BRDA:28,5,1,7
BRDA:32,6,0,1
BRDA:32,6,1,7
BRDA:36,7,0,1
BRDA:36,7,1,7
BRDA:40,8,0,1
BRDA:40,8,1,7
BRDA:44,9,0,2
BRDA:44,9,1,6
BRF:18
BRH:15
end_of_record
TN:
SF:/home/saqib/Saqib/Factory/truffle-blueprint-master/contracts/NonFungibleToken.sol
FN:9,constructor
FN:16,informDeployed
FN:21,mint
FNF:3
FNH:3
FNDA:4,constructor
FNDA:6,informDeployed
FNDA:1,mint
DA:10,4
DA:11,4
DA:18,6
DA:22,1
LF:4
LH:4
BRF:0
BRH:0
end_of_record
TN:
SF:/home/saqib/Saqib/Factory/truffle-blueprint-master/contracts/test/BitMathTest.sol
FN:8,mostSignificantBit
FN:14,getGasCostOfMostSignificantBit
FNF:2
FNH:2
FNDA:7,mostSignificantBit
FNDA:1,getGasCostOfMostSignificantBit
DA:9,7
DA:10,7
DA:11,7
DA:15,1
DA:16,1
DA:17,1
LF:6
LH:6
BRF:0
BRH:0
end_of_record
TN:
SF:/home/saqib/Saqib/Factory/truffle-blueprint-master/contracts/test/MockBasicToken.sol
FN:8,constructor
FNF:1
FNH:0
FNDA:0,constructor
LF:0
LH:0
BRF:0
BRH:0
end_of_record
TN:
SF:/home/saqib/Saqib/Factory/truffle-blueprint-master/contracts/test/MockNFT.sol
FN:8,constructor
FNF:1
FNH:0
FNDA:0,constructor
LF:0
LH:0
BRF:0
BRH:0
end_of_record
TN:
SF:/home/saqib/Saqib/Factory/truffle-blueprint-master/contracts/test/MockTokenDeployer.sol
FNF:0
FNH:0
LF:0
LH:0
BRF:0
BRH:0
end_of_record
TN:
SF:/home/saqib/Saqib/Factory/truffle-blueprint-master/contracts/TokenDeployer.sol
FN:10,deploy
FNF:1
FNH:1
FNDA:5,deploy
DA:18,5
DA:20,5
DA:21,2
DA:25,1
DA:28,5
LF:5
LH:5
BRDA:20,1,0,2
BRDA:20,1,1,3
BRDA:24,2,0,1
BRDA:24,2,1,2
BRF:4
BRH:4
end_of_record
